<?xml version="1.0" encoding="UTF-8"?>
<!-- Generated by org.testng.reporters.JUnitReportReporter -->
<testsuite hostname="DESKTOP-4MME89E" failures="0" tests="1" name="Transcoder.ExtractAudioSearch" time="9.790" errors="0" timestamp="2025-02-25T12:31:28 IST" skipped="0">
  <testcase classname="Transcoder.ExtractAudioSearch" name="ExtractAudio" time="9.790"/>
  <system-out/>
</testsuite> <!-- Transcoder.ExtractAudioSearch -->
