<?xml version="1.0" encoding="UTF-8"?>
<!-- Generated by org.testng.reporters.JUnitReportReporter -->
<testsuite hostname="DESKTOP-4MME89E" failures="0" tests="3" name="transcoderNew.SlatesAndLogos" time="18.529" errors="0" timestamp="2025-02-28T15:59:07 IST" skipped="0">
  <testcase classname="transcoderNew.SlatesAndLogos" name="SlatesAndLogosAdd" time="8.392"/>
  <system-out/>
  <testcase classname="transcoderNew.SlatesAndLogos" name="slatesAndLogosSearch" time="4.658"/>
  <system-out/>
  <testcase classname="transcoderNew.SlatesAndLogos" name="slatesAndLogoEdit" time="5.479"/>
  <system-out/>
</testsuite> <!-- transcoderNew.SlatesAndLogos -->
