<?xml version="1.0" encoding="UTF-8"?>
<!-- Generated by org.testng.reporters.JUnitReportReporter -->
<testsuite hostname="DESKTOP-4MME89E" failures="0" tests="3" name="Transcoder.ExtractAudioAdd" time="29.698" errors="0" timestamp="2025-02-25T12:39:24 IST" skipped="0">
  <testcase classname="Transcoder.ExtractAudioAdd" name="ExtractAudio" time="7.326"/>
  <system-out/>
  <testcase classname="Transcoder.ExtractAudioAdd" name="extractAudioAdd" time="11.457"/>
  <system-out/>
  <testcase classname="Transcoder.ExtractAudioAdd" name="extractAudioEdit" time="10.915"/>
  <system-out/>
</testsuite> <!-- Transcoder.ExtractAudioAdd -->
