<?xml version="1.0" encoding="UTF-8"?>
<!-- Generated by org.testng.reporters.JUnitReportReporter -->
<testsuite hostname="DESKTOP-4MME89E" failures="0" tests="3" name="transcoderNew.ExtractAudio" time="27.518" errors="0" timestamp="2025-03-03T12:02:33 IST" skipped="0">
  <testcase classname="transcoderNew.ExtractAudio" name="extractAudioSearch" time="7.427"/>
  <system-out/>
  <testcase classname="transcoderNew.ExtractAudio" name="extractAudioAdd" time="11.637"/>
  <system-out/>
  <testcase classname="transcoderNew.ExtractAudio" name="extractAudioEdit" time="8.454"/>
  <system-out/>
</testsuite> <!-- transcoderNew.ExtractAudio -->
