<?xml version="1.0" encoding="UTF-8"?>
<!-- Generated by org.testng.reporters.JUnitReportReporter -->
<testsuite hostname="DESKTOP-4MME89E" failures="0" tests="1" name="transcoderNew.Log" time="6.032" errors="0" timestamp="2025-02-26T16:44:55 IST" skipped="0">
  <testcase classname="transcoderNew.Log" name="Logi" time="6.032"/>
  <system-out/>
</testsuite> <!-- transcoderNew.Log -->
