<?xml version="1.0" encoding="UTF-8"?>
<!-- Generated by org.testng.reporters.JUnitReportReporter -->
<testsuite hostname="DESKTOP-4MME89E" failures="0" tests="1" name="Transcoder.ExtractAudioEdit" time="10.322" errors="0" timestamp="2025-02-25T12:30:26 IST" skipped="0">
  <testcase classname="Transcoder.ExtractAudioEdit" name="extractAudio" time="10.322"/>
  <system-out/>
</testsuite> <!-- Transcoder.ExtractAudioEdit -->
