<?xml version="1.0" encoding="UTF-8"?>
<!-- Generated by org.testng.reporters.JUnitReportReporter -->
<testsuite hostname="DESKTOP-4MME89E" failures="0" tests="3" name="transcoderNew.StitchVideo" time="19.363" errors="0" timestamp="2025-02-28T15:59:07 IST" skipped="0">
  <testcase classname="transcoderNew.StitchVideo" name="stitichVideoSearch" time="5.779"/>
  <system-out/>
  <testcase classname="transcoderNew.StitchVideo" name="stitchVideoAdd" time="8.072"/>
  <system-out/>
  <testcase classname="transcoderNew.StitchVideo" name="stitchVideoEdit" time="5.512"/>
  <system-out/>
</testsuite> <!-- transcoderNew.StitchVideo -->
