<?xml version="1.0" encoding="UTF-8"?>
<!-- Generated by org.testng.reporters.JUnitReportReporter -->
<testsuite hostname="DESKTOP-4MME89E" failures="0" tests="1" name="TranscoderOld.ExtractAudioEdit" time="13.158" errors="0" timestamp="2025-02-28T12:00:28 IST" skipped="0">
  <testcase classname="TranscoderOld.ExtractAudioEdit" name="extractAudio" time="13.158"/>
  <system-out/>
</testsuite> <!-- TranscoderOld.ExtractAudioEdit -->
