<?xml version="1.0" encoding="UTF-8"?>
<!-- Generated by org.testng.reporters.JUnitReportReporter -->
<testsuite hostname="DESKTOP-4MME89E" failures="0" tests="3" name="transcoderNew.LogoRemoval" time="29.677" errors="0" timestamp="2025-03-06T15:24:14 IST" skipped="0">
  <testcase classname="transcoderNew.LogoRemoval" name="logoRemovalSearch" time="10.086"/>
  <system-out/>
  <testcase classname="transcoderNew.LogoRemoval" name="logoRemovalAdd" time="12.201"/>
  <system-out/>
  <testcase classname="transcoderNew.LogoRemoval" name="logoRemovalEdit" time="7.390"/>
  <system-out/>
</testsuite> <!-- transcoderNew.LogoRemoval -->
