<?xml version="1.0" encoding="UTF-8"?>
<!-- Generated by org.testng.reporters.JUnitReportReporter -->
<testsuite hostname="DESKTOP-4MME89E" failures="0" tests="3" name="transcoderNew.InsertLogo" time="26.302" errors="0" timestamp="2025-03-04T18:21:06 IST" skipped="0">
  <testcase classname="transcoderNew.InsertLogo" name="insertLogoSearch" time="6.755"/>
  <system-out/>
  <testcase classname="transcoderNew.InsertLogo" name="InsertLogoAdd" time="10.769"/>
  <system-out/>
  <testcase classname="transcoderNew.InsertLogo" name="insertLogoEdit" time="8.778"/>
  <system-out/>
</testsuite> <!-- transcoderNew.InsertLogo -->
