<?xml version="1.0" encoding="UTF-8"?>
<!-- Generated by org.testng.reporters.JUnitReportReporter -->
<testsuite hostname="DESKTOP-4MME89E" failures="0" tests="1" name="transcoderNew.MuteAudio" time="7.468" errors="0" timestamp="2025-03-06T16:23:43 IST" skipped="0">
  <testcase classname="transcoderNew.MuteAudio" name="muteAudioEdit" time="7.468"/>
  <system-out/>
</testsuite> <!-- transcoderNew.MuteAudio -->
