<?xml version="1.0" encoding="UTF-8"?>
<!-- Generated by org.testng.reporters.JUnitReportReporter -->
<testsuite hostname="DESKTOP-4MME89E" failures="0" tests="3" name="transcoderNew.IdentifyKeyFrames" time="30.945" errors="0" timestamp="2025-03-04T15:29:02 IST" skipped="0">
  <testcase classname="transcoderNew.IdentifyKeyFrames" name="identifyKeyFramesSearch" time="10.414"/>
  <system-out/>
  <testcase classname="transcoderNew.IdentifyKeyFrames" name="identifyKeyFramesEdit" time="9.070"/>
  <system-out/>
  <testcase classname="transcoderNew.IdentifyKeyFrames" name="identifyKeyFramesAdd" time="11.461"/>
  <system-out/>
</testsuite> <!-- transcoderNew.IdentifyKeyFrames -->
