<?xml version="1.0" encoding="UTF-8"?>
<!-- Generated by org.testng.reporters.JUnitReportReporter -->
<testsuite hostname="DESKTOP-4MME89E" failures="0" tests="3" name="transcoderNew.ReplaceContentWithAnother" time="24.139" errors="0" timestamp="2025-02-28T15:59:07 IST" skipped="0">
  <testcase classname="transcoderNew.ReplaceContentWithAnother" name="ReplaceContentWithAnotherAdd" time="8.622"/>
  <system-out/>
  <testcase classname="transcoderNew.ReplaceContentWithAnother" name="ReplaceContentWithAnotherSearch" time="5.704"/>
  <system-out/>
  <testcase classname="transcoderNew.ReplaceContentWithAnother" name="ReplaceContentWithAnotherEdit" time="9.813"/>
  <system-out/>
</testsuite> <!-- transcoderNew.ReplaceContentWithAnother -->
