<?xml version="1.0" encoding="UTF-8"?>
<!-- Generated by org.testng.reporters.JUnitReportReporter -->
<testsuite hostname="DESKTOP-4MME89E" failures="0" tests="3" name="transcoderNew.ExtractAudioAdd" time="43.131" errors="0" timestamp="2025-02-25T12:53:45 IST" skipped="0">
  <testcase classname="transcoderNew.ExtractAudioAdd" name="extractAudioSearch" time="12.391"/>
  <system-out/>
  <testcase classname="transcoderNew.ExtractAudioAdd" name="extractAudioAdd" time="16.611"/>
  <system-out/>
  <testcase classname="transcoderNew.ExtractAudioAdd" name="extractAudioEdit" time="14.129"/>
  <system-out/>
</testsuite> <!-- transcoderNew.ExtractAudioAdd -->
