<?xml version="1.0" encoding="UTF-8"?>
<!-- Generated by org.testng.reporters.JUnitReportReporter -->
<testsuite hostname="DESKTOP-4MME89E" failures="0" tests="3" name="test.TestClass2" time="0.002" errors="0" timestamp="2025-02-10T18:36:12 IST" skipped="0">
  <testcase classname="test.TestClass2" name="mobileLogout" time="0.000"/>
  <system-out/>
  <testcase classname="test.TestClass2" name="mobileWait" time="0.000"/>
  <system-out/>
  <testcase classname="test.TestClass2" name="mobileLogin" time="0.002"/>
  <system-out/>
</testsuite> <!-- test.TestClass2 -->
