<?xml version="1.0" encoding="UTF-8"?>
<!-- Generated by org.testng.reporters.JUnitReportReporter -->
<testsuite hostname="DESKTOP-4MME89E" failures="0" tests="3" name="transcoderNew.ExtractingFrames" time="23.402" errors="0" timestamp="2025-03-04T12:06:47 IST" skipped="0">
  <testcase classname="transcoderNew.ExtractingFrames" name="ExtractingFramesSearch" time="7.368"/>
  <system-out/>
  <testcase classname="transcoderNew.ExtractingFrames" name="ExtractingFramesEdit" time="8.728"/>
  <system-out/>
  <testcase classname="transcoderNew.ExtractingFrames" name="ExtractingFramesAdd" time="7.306"/>
  <system-out/>
</testsuite> <!-- transcoderNew.ExtractingFrames -->
