<?xml version="1.0" encoding="UTF-8"?>
<!-- Generated by org.testng.reporters.JUnitReportReporter -->
<testsuite hostname="DESKTOP-4MME89E" failures="0" tests="3" name="transcoderNew.MuxingAudioandVideo" time="20.833" errors="0" timestamp="2025-02-28T15:59:07 IST" skipped="0">
  <testcase classname="transcoderNew.MuxingAudioandVideo" name="muxingAudioAndVideoAdd" time="8.334"/>
  <system-out/>
  <testcase classname="transcoderNew.MuxingAudioandVideo" name="muxingAudioAndVideoEdit" time="6.560"/>
  <system-out/>
  <testcase classname="transcoderNew.MuxingAudioandVideo" name="muxingAudioAndVideoSearch" time="5.939"/>
  <system-out/>
</testsuite> <!-- transcoderNew.MuxingAudioandVideo -->
