<?xml version="1.0" encoding="UTF-8"?>
<!-- Generated by org.testng.reporters.JUnitReportReporter -->
<testsuite hostname="DESKTOP-4MME89E" failures="0" tests="3" name="transcoderNew.SplitVideo" time="20.939" errors="0" timestamp="2025-02-28T15:59:07 IST" skipped="0">
  <testcase classname="transcoderNew.SplitVideo" name="splitVideoAdd" time="8.744"/>
  <system-out/>
  <testcase classname="transcoderNew.SplitVideo" name="splitVideoSearch" time="4.960"/>
  <system-out/>
  <testcase classname="transcoderNew.SplitVideo" name="splitVideoEdit" time="7.235"/>
  <system-out/>
</testsuite> <!-- transcoderNew.SplitVideo -->
