<?xml version="1.0" encoding="UTF-8"?>
<!-- Generated by org.testng.reporters.JUnitReportReporter -->
<testsuite hostname="DESKTOP-4MME89E" failures="0" tests="3" name="transcoderNew.Transmuxing" time="19.565" errors="0" timestamp="2025-02-28T15:59:07 IST" skipped="0">
  <testcase classname="transcoderNew.Transmuxing" name="transmuxingAdd" time="7.116"/>
  <system-out/>
  <testcase classname="transcoderNew.Transmuxing" name="transmuxingSearch" time="6.465"/>
  <system-out/>
  <testcase classname="transcoderNew.Transmuxing" name="transmuxingEdit" time="5.984"/>
  <system-out/>
</testsuite> <!-- transcoderNew.Transmuxing -->
