<?xml version="1.0" encoding="UTF-8"?>
<!-- Generated by org.testng.reporters.JUnitReportReporter -->
<testsuite hostname="DESKTOP-4MME89E" failures="0" tests="3" name="transcoderNew.TranscodingModule" time="22.184" errors="0" timestamp="2025-02-28T15:59:07 IST" skipped="0">
  <testcase classname="transcoderNew.TranscodingModule" name="transcodingSearch" time="6.246"/>
  <system-out/>
  <testcase classname="transcoderNew.TranscodingModule" name="transcodingEdit" time="6.306"/>
  <system-out/>
  <testcase classname="transcoderNew.TranscodingModule" name="transcodingAdd" time="9.632"/>
  <system-out/>
</testsuite> <!-- transcoderNew.TranscodingModule -->
