<?xml version="1.0" encoding="UTF-8"?>
<!-- Generated by org.testng.reporters.JUnitReportReporter -->
<testsuite hostname="DESKTOP-4MME89E" failures="0" tests="5" name="test.TestClass1" time="0.016" errors="0" timestamp="2025-02-10T18:36:12 IST" skipped="0">
  <testcase classname="test.TestClass1" name="Logout" time="0.003"/>
  <system-out/>
  <testcase classname="test.TestClass1" name="Logout" time="0.001"/>
  <system-out/>
  <testcase classname="test.TestClass1" name="Wait" time="0.002"/>
  <system-out/>
  <testcase classname="test.TestClass1" name="Login" time="0.009"/>
  <system-out/>
  <testcase classname="test.TestClass1" name="Logout" time="0.001"/>
  <system-out/>
</testsuite> <!-- test.TestClass1 -->
