<?xml version="1.0" encoding="UTF-8"?>
<!-- Generated by org.testng.reporters.JUnitReportReporter -->
<testsuite hostname="DESKTOP-4MME89E" failures="0" tests="3" name="transcoderNew.IdentifySceneChanges" time="34.189" errors="0" timestamp="2025-03-04T16:33:45 IST" skipped="0">
  <testcase classname="transcoderNew.IdentifySceneChanges" name="identifySceneChangesSearch" time="7.563"/>
  <system-out/>
  <testcase classname="transcoderNew.IdentifySceneChanges" name="identifySceneChangesEdit" time="12.923"/>
  <system-out/>
  <testcase classname="transcoderNew.IdentifySceneChanges" name="identifySceneChangesAdd" time="13.703"/>
  <system-out/>
</testsuite> <!-- transcoderNew.IdentifySceneChanges -->
